commit hash: 62d20ed2796daa2940bf78d6b066ce5ce2a1b672
diff --git a/nemo_experiments/wandb/debug-internal.log b/nemo_experiments/wandb/debug-internal.log
index c6a8d1b..0795230 120000
--- a/nemo_experiments/wandb/debug-internal.log
+++ b/nemo_experiments/wandb/debug-internal.log
@@ -1 +1 @@
-run-20260329_155925-2026-03-29_15-58-06/logs/debug-internal.log
\ No newline at end of file
+run-20260404_080353-2026-04-04_08-02-33/logs/debug-internal.log
\ No newline at end of file
diff --git a/nemo_experiments/wandb/debug.log b/nemo_experiments/wandb/debug.log
index 9aa407f..cfe8a39 120000
--- a/nemo_experiments/wandb/debug.log
+++ b/nemo_experiments/wandb/debug.log
@@ -1 +1 @@
-run-20260329_155925-2026-03-29_15-58-06/logs/debug.log
\ No newline at end of file
+run-20260404_080353-2026-04-04_08-02-33/logs/debug.log
\ No newline at end of file
diff --git a/nemo_experiments/wandb/latest-run b/nemo_experiments/wandb/latest-run
index 14bc5e4..4877909 120000
--- a/nemo_experiments/wandb/latest-run
+++ b/nemo_experiments/wandb/latest-run
@@ -1 +1 @@
-run-20260329_155925-2026-03-29_15-58-06
\ No newline at end of file
+run-20260404_080353-2026-04-04_08-02-33
\ No newline at end of file
diff --git a/runTrain.sh b/runTrain.sh
index 690cc74..24130a8 100755
--- a/runTrain.sh
+++ b/runTrain.sh
@@ -1,4 +1,6 @@
 #!/bin/bash
+export LHOTSE_PREFETCH_SIZE=32
+export FSSPEC_HTTP_MAX_RETRIES=10
 NUMBA_CUDA_USE_NVIDIA_BINDING=1 HYDRA_FULL_ERROR=1 python ./speech_to_text_finetune.py \
   --config-path="." \
   --config-name="speech_to_text_finetune" \
diff --git a/speech_to_text_finetune.yaml b/speech_to_text_finetune.yaml
index 7c5caeb..3ef2785 100644
--- a/speech_to_text_finetune.yaml
+++ b/speech_to_text_finetune.yaml
@@ -9,8 +9,9 @@ model:
     shar_path: hf://buckets/Tyl3rDrden/IvritKnessetRecordingsData
     use_lhotse: true
     is_tarred: true
-    truncate_duration: 30.01
+    truncate_duration: 20.00 # to avoid oom in the 4090 
     batch_size: 1
+    allow_missing_data: true
     shuffle: false
     num_workers: 8
     pin_memory: true
