commit hash: 62d20ed2796daa2940bf78d6b066ce5ce2a1b672
diff --git a/nemo_experiments/wandb/debug-internal.log b/nemo_experiments/wandb/debug-internal.log
index c6a8d1b..d6a9604 120000
--- a/nemo_experiments/wandb/debug-internal.log
+++ b/nemo_experiments/wandb/debug-internal.log
@@ -1 +1 @@
-run-20260329_155925-2026-03-29_15-58-06/logs/debug-internal.log
\ No newline at end of file
+run-20260404_081615-2026-04-04_08-14-55/logs/debug-internal.log
\ No newline at end of file
diff --git a/nemo_experiments/wandb/debug.log b/nemo_experiments/wandb/debug.log
index 9aa407f..0cb79db 120000
--- a/nemo_experiments/wandb/debug.log
+++ b/nemo_experiments/wandb/debug.log
@@ -1 +1 @@
-run-20260329_155925-2026-03-29_15-58-06/logs/debug.log
\ No newline at end of file
+run-20260404_081615-2026-04-04_08-14-55/logs/debug.log
\ No newline at end of file
diff --git a/nemo_experiments/wandb/latest-run b/nemo_experiments/wandb/latest-run
index 14bc5e4..92318cf 120000
--- a/nemo_experiments/wandb/latest-run
+++ b/nemo_experiments/wandb/latest-run
@@ -1 +1 @@
-run-20260329_155925-2026-03-29_15-58-06
\ No newline at end of file
+run-20260404_081615-2026-04-04_08-14-55
\ No newline at end of file
diff --git a/runTrain.sh b/runTrain.sh
index 690cc74..24130a8 100755
--- a/runTrain.sh
+++ b/runTrain.sh
@@ -1,4 +1,6 @@
 #!/bin/bash
+export LHOTSE_PREFETCH_SIZE=32
+export FSSPEC_HTTP_MAX_RETRIES=10
 NUMBA_CUDA_USE_NVIDIA_BINDING=1 HYDRA_FULL_ERROR=1 python ./speech_to_text_finetune.py \
   --config-path="." \
   --config-name="speech_to_text_finetune" \
diff --git a/speech_to_text_finetune.yaml b/speech_to_text_finetune.yaml
index 7c5caeb..59a8906 100644
--- a/speech_to_text_finetune.yaml
+++ b/speech_to_text_finetune.yaml
@@ -4,13 +4,14 @@ init_from_pretrained_model: nvidia/parakeet-tdt-0.6b-v3
 
 model:
   sample_rate: 16000
-
+  activation_checkpointing: true
   train_ds:
     shar_path: hf://buckets/Tyl3rDrden/IvritKnessetRecordingsData
     use_lhotse: true
     is_tarred: true
-    truncate_duration: 30.01
+    truncate_duration: 20.00 # to avoid oom in the 4090 
     batch_size: 1
+    allow_missing_data: true
     shuffle: false
     num_workers: 8
     pin_memory: true
