commit hash: 62d20ed2796daa2940bf78d6b066ce5ce2a1b672
diff --git a/nemo_experiments/wandb/debug-internal.log b/nemo_experiments/wandb/debug-internal.log
index c6a8d1b..2705c51 120000
--- a/nemo_experiments/wandb/debug-internal.log
+++ b/nemo_experiments/wandb/debug-internal.log
@@ -1 +1 @@
-run-20260329_155925-2026-03-29_15-58-06/logs/debug-internal.log
\ No newline at end of file
+run-20260404_102148-2026-04-04_10-20-27/logs/debug-internal.log
\ No newline at end of file
diff --git a/nemo_experiments/wandb/debug.log b/nemo_experiments/wandb/debug.log
index 9aa407f..d9ddd83 120000
--- a/nemo_experiments/wandb/debug.log
+++ b/nemo_experiments/wandb/debug.log
@@ -1 +1 @@
-run-20260329_155925-2026-03-29_15-58-06/logs/debug.log
\ No newline at end of file
+run-20260404_102148-2026-04-04_10-20-27/logs/debug.log
\ No newline at end of file
diff --git a/nemo_experiments/wandb/latest-run b/nemo_experiments/wandb/latest-run
index 14bc5e4..177885c 120000
--- a/nemo_experiments/wandb/latest-run
+++ b/nemo_experiments/wandb/latest-run
@@ -1 +1 @@
-run-20260329_155925-2026-03-29_15-58-06
\ No newline at end of file
+run-20260404_102148-2026-04-04_10-20-27
\ No newline at end of file
diff --git a/runTrain.sh b/runTrain.sh
index 690cc74..f7d4b5b 100755
--- a/runTrain.sh
+++ b/runTrain.sh
@@ -1,4 +1,7 @@
 #!/bin/bash
+export LHOTSE_PREFETCH_SIZE=32
+export FSSPEC_HTTP_MAX_RETRIES=10
+export PYTORCH_CUDA_ALLOC_CONF=expandable_segments:True
 NUMBA_CUDA_USE_NVIDIA_BINDING=1 HYDRA_FULL_ERROR=1 python ./speech_to_text_finetune.py \
   --config-path="." \
   --config-name="speech_to_text_finetune" \
diff --git a/speech_to_text_finetune.yaml b/speech_to_text_finetune.yaml
index 7c5caeb..ea479e5 100644
--- a/speech_to_text_finetune.yaml
+++ b/speech_to_text_finetune.yaml
@@ -4,13 +4,13 @@ init_from_pretrained_model: nvidia/parakeet-tdt-0.6b-v3
 
 model:
   sample_rate: 16000
-
+  activation_checkpointing: true
   train_ds:
     shar_path: hf://buckets/Tyl3rDrden/IvritKnessetRecordingsData
     use_lhotse: true
     is_tarred: true
-    truncate_duration: 30.01
     batch_size: 1
+    allow_missing_data: true
     shuffle: false
     num_workers: 8
     pin_memory: true
