commit hash: 61c267e0edb3c5a69ac5d5714a62bf8b4c58de7b
diff --git a/runTrain.sh b/runTrain.sh
old mode 100644
new mode 100755
index b259517..ee9b800
--- a/runTrain.sh
+++ b/runTrain.sh
@@ -1,4 +1,4 @@
-!NUMBA_CUDA_USE_NVIDIA_BINDING=1 HYDRA_FULL_ERROR=1 python ./speech_to_text_finetune.py \
+NUMBA_CUDA_USE_NVIDIA_BINDING=1 HYDRA_FULL_ERROR=1 python ./speech_to_text_finetune.py \
   --config-path="." \
   --config-name="speech_to_text_finetune" \
   trainer.accumulate_grad_batches=16 \
diff --git a/speech_to_text_finetune.yaml b/speech_to_text_finetune.yaml
index 4057457..b984c9d 100644
--- a/speech_to_text_finetune.yaml
+++ b/speech_to_text_finetune.yaml
@@ -10,12 +10,12 @@ model:
   train_ds:
     shar_path:
       cuts:
-        - https://__token__:TOKENShere@huggingface.co/datasets/Tyl3rDrden/ivrit-knesset-shards-v5/resolve/main/cuts.000000.jsonl.gz
-        - https://__token__:TOKENShere@huggingface.co/datasets/Tyl3rDrden/ivrit-knesset-shards-v5/resolve/main/cuts.000001.jsonl.gz
+        - https://huggingface.co/datasets/Tyl3rDrden/ivrit-knesset-shards-v5/resolve/main/cuts.000000.jsonl.gz
+        - https://huggingface.co/datasets/Tyl3rDrden/ivrit-knesset-shards-v5/resolve/main/cuts.000001.jsonl.gz
         # ... (paste all 119 cut URLs here)
       recording:
-        - https://__token__:TOKENShere@huggingface.co/datasets/Tyl3rDrden/ivrit-knesset-shards-v5/resolve/main/recording.000000.tar
-        - https://__token__:TOKENShere@huggingface.co/datasets/Tyl3rDrden/ivrit-knesset-shards-v5/resolve/main/recording.000001.tar
+        - https://huggingface.co/datasets/Tyl3rDrden/ivrit-knesset-shards-v5/resolve/main/recording.000000.tar
+        - https://huggingface.co/datasets/Tyl3rDrden/ivrit-knesset-shards-v5/resolve/main/recording.000001.tar
         # ... (paste all 119 recording URLs here)
     
 # ADD ALL THE cuts and recordings here.. i just tested out 2 
